Performing C SOURCE FILE Test CMAKE_HAVE_LIBC_PTHREAD failed with the following output:
Change Dir: /home/shkwon/Projects/TDD/Part07/RetweetCollection09/build/CMakeFiles/CMakeTmp

Run Build Command(s):/usr/bin/make cmTC_af947/fast && make[1]: 디렉터리 '/home/shkwon/Projects/TDD/Part07/RetweetCollection09/build/CMakeFiles/CMakeTmp' 들어감
/usr/bin/make -f CMakeFiles/cmTC_af947.dir/build.make CMakeFiles/cmTC_af947.dir/build
make[2]: 디렉터리 '/home/shkwon/Projects/TDD/Part07/RetweetCollection09/build/CMakeFiles/CMakeTmp' 들어감
Building C object CMakeFiles/cmTC_af947.dir/src.c.o
/usr/bin/cc   -DCMAKE_HAVE_LIBC_PTHREAD   -o CMakeFiles/cmTC_af947.dir/src.c.o   -c /home/shkwon/Projects/TDD/Part07/RetweetCollection09/build/CMakeFiles/CMakeTmp/src.c
Linking C executable cmTC_af947
/usr/bin/cmake -E cmake_link_script CMakeFiles/cmTC_af947.dir/link.txt --verbose=1
/usr/bin/cc  -DCMAKE_HAVE_LIBC_PTHREAD    -rdynamic CMakeFiles/cmTC_af947.dir/src.c.o  -o cmTC_af947 
/usr/bin/ld: CMakeFiles/cmTC_af947.dir/src.c.o: in function `main':
src.c:(.text+0x46): undefined reference to `pthread_create'
/usr/bin/ld: src.c:(.text+0x52): undefined reference to `pthread_detach'
/usr/bin/ld: src.c:(.text+0x63): undefined reference to `pthread_join'
collect2: error: ld returned 1 exit status
make[2]: *** [CMakeFiles/cmTC_af947.dir/build.make:87: cmTC_af947] 오류 1
make[2]: 디렉터리 '/home/shkwon/Projects/TDD/Part07/RetweetCollection09/build/CMakeFiles/CMakeTmp' 나감
make[1]: *** [Makefile:121: cmTC_af947/fast] 오류 2
make[1]: 디렉터리 '/home/shkwon/Projects/TDD/Part07/RetweetCollection09/build/CMakeFiles/CMakeTmp' 나감


Source file was:
#include <pthread.h>

void* test_func(void* data)
{
  return data;
}

int main(void)
{
  pthread_t thread;
  pthread_create(&thread, NULL, test_func, NULL);
  pthread_detach(thread);
  pthread_join(thread, NULL);
  pthread_atfork(NULL, NULL, NULL);
  pthread_exit(NULL);

  return 0;
}

Determining if the function pthread_create exists in the pthreads failed with the following output:
Change Dir: /home/shkwon/Projects/TDD/Part07/RetweetCollection09/build/CMakeFiles/CMakeTmp

Run Build Command(s):/usr/bin/make cmTC_9a282/fast && make[1]: 디렉터리 '/home/shkwon/Projects/TDD/Part07/RetweetCollection09/build/CMakeFiles/CMakeTmp' 들어감
/usr/bin/make -f CMakeFiles/cmTC_9a282.dir/build.make CMakeFiles/cmTC_9a282.dir/build
make[2]: 디렉터리 '/home/shkwon/Projects/TDD/Part07/RetweetCollection09/build/CMakeFiles/CMakeTmp' 들어감
Building C object CMakeFiles/cmTC_9a282.dir/CheckFunctionExists.c.o
/usr/bin/cc   -DCHECK_FUNCTION_EXISTS=pthread_create   -o CMakeFiles/cmTC_9a282.dir/CheckFunctionExists.c.o   -c /usr/share/cmake-3.16/Modules/CheckFunctionExists.c
Linking C executable cmTC_9a282
/usr/bin/cmake -E cmake_link_script CMakeFiles/cmTC_9a282.dir/link.txt --verbose=1
/usr/bin/cc  -DCHECK_FUNCTION_EXISTS=pthread_create    -rdynamic CMakeFiles/cmTC_9a282.dir/CheckFunctionExists.c.o  -o cmTC_9a282  -lpthreads 
/usr/bin/ld: cannot find -lpthreads
collect2: error: ld returned 1 exit status
make[2]: *** [CMakeFiles/cmTC_9a282.dir/build.make:87: cmTC_9a282] 오류 1
make[2]: 디렉터리 '/home/shkwon/Projects/TDD/Part07/RetweetCollection09/build/CMakeFiles/CMakeTmp' 나감
make[1]: *** [Makefile:121: cmTC_9a282/fast] 오류 2
make[1]: 디렉터리 '/home/shkwon/Projects/TDD/Part07/RetweetCollection09/build/CMakeFiles/CMakeTmp' 나감



